[16-Dec-2019 00:48:36 UTC] test
[16-Dec-2019 00:48:49 UTC] test
[16-Dec-2019 00:53:58 UTC] test
[16-Dec-2019 01:05:26 UTC] test
[16-Dec-2019 01:05:45 UTC] test
[16-Dec-2019 01:06:21 UTC] test
[16-Dec-2019 01:07:16 UTC] test
[16-Dec-2019 01:07:17 UTC] test
[16-Dec-2019 01:07:18 UTC] test
[16-Dec-2019 01:11:41 UTC] test
[16-Dec-2019 01:11:59 UTC] test
[16-Dec-2019 01:14:15 UTC] test
[16-Dec-2019 01:17:47 UTC] test
[16-Dec-2019 01:18:58 UTC] test
[16-Dec-2019 15:54:59 UTC] PHP Notice:  Undefined variable: activated in /var/www/tychen.us/hbdi/user/login.php on line 24
[16-Dec-2019 16:02:35 UTC] PHP Notice:  Undefined variable: activated in /var/www/tychen.us/hbdi/user/login.php on line 24
[16-Dec-2019 16:04:17 UTC] PHP Fatal error:  Uncaught PDOException: SQLSTATE[42S22]: Column not found: 1054 Unknown column 'activated' in 'field list' in /var/www/tychen.us/hbdi/user/login.php:10
Stack trace:
#0 /var/www/tychen.us/hbdi/user/login.php(10): PDO->prepare('SELECT id_user,...')
#1 {main}
  thrown in /var/www/tychen.us/hbdi/user/login.php on line 10
[16-Dec-2019 16:08:30 UTC] PHP Notice:  Undefined variable: id_project in /var/www/tychen.us/hbdi/tasks.php on line 129
[16-Dec-2019 16:08:30 UTC] PHP Fatal error:  Uncaught Exception: DateTime::__construct(): Failed to parse time string (1111111111) at position 8 (1): Unexpected character in /var/www/tychen.us/hbdi/tasks.php:243
Stack trace:
#0 /var/www/tychen.us/hbdi/tasks.php(243): DateTime->__construct('1111111111')
#1 {main}
  thrown in /var/www/tychen.us/hbdi/tasks.php on line 243
[16-Dec-2019 16:10:03 UTC] test
[16-Dec-2019 16:10:32 UTC] PHP Notice:  Undefined variable: id_project in /var/www/tychen.us/hbdi/tasks.php on line 129
[16-Dec-2019 16:10:32 UTC] PHP Fatal error:  Uncaught Exception: DateTime::__construct(): Failed to parse time string (1111111111) at position 8 (1): Unexpected character in /var/www/tychen.us/hbdi/tasks.php:243
Stack trace:
#0 /var/www/tychen.us/hbdi/tasks.php(243): DateTime->__construct('1111111111')
#1 {main}
  thrown in /var/www/tychen.us/hbdi/tasks.php on line 243
[16-Dec-2019 16:16:07 UTC] PHP Notice:  Undefined variable: id_project in /var/www/tychen.us/hbdi/tasks.php on line 129
[16-Dec-2019 16:16:36 UTC] PHP Notice:  Undefined variable: id_project in /var/www/tychen.us/hbdi/tasks.php on line 129
[16-Dec-2019 16:40:02 UTC] test
[16-Dec-2019 16:40:21 UTC] test
[16-Dec-2019 16:41:11 UTC] PHP Notice:  Undefined variable: id_project in /var/www/tychen.us/hbdi/tasks.php on line 129
[16-Dec-2019 16:41:16 UTC] PHP Notice:  Undefined variable: id_project in /var/www/tychen.us/hbdi/datasets_files.php on line 236
[16-Dec-2019 16:41:21 UTC] PHP Notice:  Undefined variable: id_project in /var/www/tychen.us/hbdi/tasks.php on line 129
[16-Dec-2019 16:45:30 UTC] print_r _FILES: 1
[16-Dec-2019 16:45:30 UTC] PHP Notice:  Undefined index: filett in /var/www/tychen.us/hbdi/project/project_view.php on line 848
[16-Dec-2019 16:45:30 UTC] the file: 
[16-Dec-2019 16:45:30 UTC] test print_r file_test: 1
[16-Dec-2019 16:45:30 UTC] form submitted (POSTed).
[16-Dec-2019 16:45:30 UTC] id_project: 104; title_project_short: TP09; username_hbdi: tychen. Variables passed
[16-Dec-2019 16:45:30 UTC] _FILES['file']['name'] is empty
[16-Dec-2019 16:45:30 UTC] PHP Notice:  Undefined index: filett in /var/www/tychen.us/hbdi/project/project_view.php on line 975
[16-Dec-2019 16:45:30 UTC] _FILES error: 
[16-Dec-2019 21:05:49 UTC] PHP Notice:  Undefined variable: id_project in /var/www/tychen.us/hbdi/datasets_files.php on line 236
